<?xml version="1.0" encoding="UTF-8"?>
<testng-results ignored="0" total="3" passed="3" failed="0" skipped="0">
  <reporter-output>
  </reporter-output>
  <suite started-at="2026-06-23T16:19:13 IST" name="Default suite" finished-at="2026-06-23T16:19:14 IST" duration-ms="61">
    <groups>
    </groups>
    <test started-at="2026-06-23T16:19:13 IST" name="Default test" finished-at="2026-06-23T16:19:14 IST" duration-ms="61">
      <class name="pratice2.ppp">
        <test-method signature="display(java.lang.String,java.lang.String)[pri:0, instance:pratice2.ppp@5bf0d49]" started-at="2026-06-23T16:19:13 IST" name="display" data-provider="getData" finished-at="2026-06-23T16:19:13 IST" duration-ms="8" status="PASS">
          <params>
            <param index="0">
              <value>
                <![CDATA[Name]]>
              </value>
            </param>
            <param index="1">
              <value>
                <![CDATA[Xyz]]>
              </value>
            </param>
          </params>
          <reporter-output>
          </reporter-output>
        </test-method> <!-- display -->
        <test-method signature="display(java.lang.String,java.lang.String)[pri:0, instance:pratice2.ppp@5bf0d49]" started-at="2026-06-23T16:19:13 IST" name="display" data-provider="getData" finished-at="2026-06-23T16:19:13 IST" duration-ms="1" status="PASS">
          <params>
            <param index="0">
              <value>
                <![CDATA[Addres]]>
              </value>
            </param>
            <param index="1">
              <value>
                <![CDATA[Xyzs]]>
              </value>
            </param>
          </params>
          <reporter-output>
          </reporter-output>
        </test-method> <!-- display -->
        <test-method signature="display(java.lang.String,java.lang.String)[pri:0, instance:pratice2.ppp@5bf0d49]" started-at="2026-06-23T16:19:13 IST" name="display" data-provider="getData" finished-at="2026-06-23T16:19:13 IST" duration-ms="0" status="PASS">
          <params>
            <param index="0">
              <value>
                <![CDATA[city]]>
              </value>
            </param>
            <param index="1">
              <value>
                <![CDATA[Benga]]>
              </value>
            </param>
          </params>
          <reporter-output>
          </reporter-output>
        </test-method> <!-- display -->
      </class> <!-- pratice2.ppp -->
    </test> <!-- Default test -->
  </suite> <!-- Default suite -->
</testng-results>
