<?xml version="1.0" encoding="UTF-8"?>
<!-- Generated by org.testng.reporters.JUnitReportReporter -->
<testsuite hostname="Akhilesh" failures="0" tests="3" name="interviewBasedJavaProgramming.General007_DataProvider" time="0.021" errors="0" timestamp="2026-06-16T12:22:18 IST" skipped="0">
  <testcase classname="interviewBasedJavaProgramming.General007_DataProvider" name="loginTest" time="0.016"/>
  <testcase classname="interviewBasedJavaProgramming.General007_DataProvider" name="loginTest" time="0.003"/>
  <testcase classname="interviewBasedJavaProgramming.General007_DataProvider" name="loginTest" time="0.002"/>
</testsuite> <!-- interviewBasedJavaProgramming.General007_DataProvider -->
